<?xml version="1.0" encoding="utf-8"?><testsuites name="pytest tests"><testsuite name="pytest" errors="0" failures="0" skipped="0" tests="12" time="1.921" timestamp="2026-03-03T22:02:41.201519+00:00" hostname="agent-env-919f33c5-b1fb-432a-9af8-1ce207e6e8a3"><testcase classname="backend.tests.test_agent_builder_apis.TestHealthAndStats" name="test_stats_endpoint" time="0.227" /><testcase classname="backend.tests.test_agent_builder_apis.TestAutomationGoldmines" name="test_goldmines_returns_data" time="0.182" /><testcase classname="backend.tests.test_agent_builder_apis.TestSearchAPI" name="test_search_returns_results" time="0.140" /><testcase classname="backend.tests.test_agent_builder_apis.TestSearchAPI" name="test_search_accountant" time="0.124" /><testcase classname="backend.tests.test_agent_builder_apis.TestOccupationDetail" name="test_occupation_by_code" time="0.183" /><testcase classname="backend.tests.test_agent_builder_apis.TestOccupationDetail" name="test_occupation_tasks" time="0.154" /><testcase classname="backend.tests.test_agent_builder_apis.TestOccupationDetail" name="test_occupation_skills" time="0.108" /><testcase classname="backend.tests.test_agent_builder_apis.TestOccupationDetail" name="test_occupation_knowledge" time="0.140" /><testcase classname="backend.tests.test_agent_builder_apis.TestOccupationDetail" name="test_occupation_tools" time="0.117" /><testcase classname="backend.tests.test_agent_builder_apis.TestOccupationDetail" name="test_occupation_not_found" time="0.123" /><testcase classname="backend.tests.test_agent_builder_apis.TestAutomationOpportunities" name="test_automation_opportunities" time="0.166" /><testcase classname="backend.tests.test_agent_builder_apis.TestFeaturedOccupations" name="test_featured_returns_data" time="0.129" /></testsuite></testsuites>